0 info it worked if it ends with ok
1 verbose cli [ '/Users/Fernando/.nvm/versions/node/v4.2.3/bin/node',
1 verbose cli   '/Users/Fernando/.nvm/versions/node/v4.2.3/bin/npm',
1 verbose cli   'start' ]
2 info using npm@2.14.7
3 info using node@v4.2.3
4 verbose run-script [ 'prestart', 'start', 'poststart' ]
5 info prestart angular-veasy-table@1.5.8
6 info start angular-veasy-table@1.5.8
7 verbose unsafe-perm in lifecycle true
8 info angular-veasy-table@1.5.8 Failed to exec start script
9 verbose stack Error: angular-veasy-table@1.5.8 start: `node_modules/http-server/bin/http-server -c-1 -a localhost -p 3000`
9 verbose stack Exit status 1
9 verbose stack     at EventEmitter.<anonymous> (/Users/Fernando/.nvm/versions/node/v4.2.3/lib/node_modules/npm/lib/utils/lifecycle.js:214:16)
9 verbose stack     at emitTwo (events.js:87:13)
9 verbose stack     at EventEmitter.emit (events.js:172:7)
9 verbose stack     at ChildProcess.<anonymous> (/Users/Fernando/.nvm/versions/node/v4.2.3/lib/node_modules/npm/lib/utils/spawn.js:24:14)
9 verbose stack     at emitTwo (events.js:87:13)
9 verbose stack     at ChildProcess.emit (events.js:172:7)
9 verbose stack     at maybeClose (internal/child_process.js:818:16)
9 verbose stack     at Process.ChildProcess._handle.onexit (internal/child_process.js:211:5)
10 verbose pkgid angular-veasy-table@1.5.8
11 verbose cwd /Users/Fernando/Development/GitHub/angular-veasy-table
12 error Darwin 15.5.0
13 error argv "/Users/Fernando/.nvm/versions/node/v4.2.3/bin/node" "/Users/Fernando/.nvm/versions/node/v4.2.3/bin/npm" "start"
14 error node v4.2.3
15 error npm  v2.14.7
16 error code ELIFECYCLE
17 error angular-veasy-table@1.5.8 start: `node_modules/http-server/bin/http-server -c-1 -a localhost -p 3000`
17 error Exit status 1
18 error Failed at the angular-veasy-table@1.5.8 start script 'node_modules/http-server/bin/http-server -c-1 -a localhost -p 3000'.
18 error This is most likely a problem with the angular-veasy-table package,
18 error not with npm itself.
18 error Tell the author that this fails on your system:
18 error     node_modules/http-server/bin/http-server -c-1 -a localhost -p 3000
18 error You can get their info via:
18 error     npm owner ls angular-veasy-table
18 error There is likely additional logging output above.
19 verbose exit [ 1, true ]
